This is pdfTeX, Version 3.14159265-2.6-1.40.15 (MiKTeX 2.9 64-bit) (preloaded format=pdflatex 2016.3.16)  16 MAR 2016 13:37
entering extended mode
**AssignmentLatex.tex
(AssignmentLatex.tex
LaTeX2e <2014/05/01>
Babel <3.9l> and hyphenation patterns for 68 languages loaded.
("C:\Program Files\MiKTeX 2.9\tex\latex\base\article.cls"
Document Class: article 2014/09/29 v1.4h Standard LaTeX document class
("C:\Program Files\MiKTeX 2.9\tex\latex\base\size10.clo"
File: size10.clo 2014/09/29 v1.4h Standard LaTeX file (size option)
)
\c@part=\count79
\c@section=\count80
\c@subsection=\count81
\c@subsubsection=\count82
\c@paragraph=\count83
\c@subparagraph=\count84
\c@figure=\count85
\c@table=\count86
\abovecaptionskip=\skip41
\belowcaptionskip=\skip42
\bibindent=\dimen102
)
("C:\Program Files\MiKTeX 2.9\tex\latex\graphics\graphicx.sty"
Package: graphicx 2014/10/28 v1.0g Enhanced LaTeX Graphics (DPC,SPQR)

("C:\Program Files\MiKTeX 2.9\tex\latex\graphics\keyval.sty"
Package: keyval 2014/10/28 v1.15 key=value parser (DPC)
\KV@toks@=\toks14
)
("C:\Program Files\MiKTeX 2.9\tex\latex\graphics\graphics.sty"
Package: graphics 2014/10/28 v1.0p Standard LaTeX Graphics (DPC,SPQR)

("C:\Program Files\MiKTeX 2.9\tex\latex\graphics\trig.sty"
Package: trig 1999/03/16 v1.09 sin cos tan (DPC)
)
("C:\Program Files\MiKTeX 2.9\tex\latex\00miktex\graphics.cfg"
File: graphics.cfg 2007/01/18 v1.5 graphics configuration of teTeX/TeXLive
)
Package graphics Info: Driver file: pdftex.def on input line 91.

("C:\Program Files\MiKTeX 2.9\tex\latex\pdftex-def\pdftex.def"
File: pdftex.def 2011/05/27 v0.06d Graphics/color for pdfTeX

("C:\Program Files\MiKTeX 2.9\tex\generic\oberdiek\infwarerr.sty"
Package: infwarerr 2010/04/08 v1.3 Providing info/warning/error messages (HO)
)
("C:\Program Files\MiKTeX 2.9\tex\generic\oberdiek\ltxcmds.sty"
Package: ltxcmds 2011/11/09 v1.22 LaTeX kernel commands for general use (HO)
)
\Gread@gobject=\count87
))
\Gin@req@height=\dimen103
\Gin@req@width=\dimen104
)
(AssignmentLatex.aux)
LaTeX Font Info:    Checking defaults for OML/cmm/m/it on input line 8.
LaTeX Font Info:    ... okay on input line 8.
LaTeX Font Info:    Checking defaults for T1/cmr/m/n on input line 8.
LaTeX Font Info:    ... okay on input line 8.
LaTeX Font Info:    Checking defaults for OT1/cmr/m/n on input line 8.
LaTeX Font Info:    ... okay on input line 8.
LaTeX Font Info:    Checking defaults for OMS/cmsy/m/n on input line 8.
LaTeX Font Info:    ... okay on input line 8.
LaTeX Font Info:    Checking defaults for OMX/cmex/m/n on input line 8.
LaTeX Font Info:    ... okay on input line 8.
LaTeX Font Info:    Checking defaults for U/cmr/m/n on input line 8.
LaTeX Font Info:    ... okay on input line 8.

("C:\Program Files\MiKTeX 2.9\tex\context\base\supp-pdf.mkii"
[Loading MPS to PDF converter (version 2006.09.02).]
\scratchcounter=\count88
\scratchdimen=\dimen105
\scratchbox=\box26
\nofMPsegments=\count89
\nofMParguments=\count90
\everyMPshowfont=\toks15
\MPscratchCnt=\count91
\MPscratchDim=\dimen106
\MPnumerator=\count92
\makeMPintoPDFobject=\count93
\everyMPtoPDFconversion=\toks16
)
LaTeX Font Info:    External font `cmex10' loaded for size
(Font)              <12> on input line 9.
LaTeX Font Info:    External font `cmex10' loaded for size
(Font)              <8> on input line 9.
LaTeX Font Info:    External font `cmex10' loaded for size
(Font)              <6> on input line 9.
Missing character: There is no ‚ in font cmbx10!
Missing character: There is no Ç in font cmbx10!
Missing character: There is no ¨ in font cmbx10!
Missing character: There is no ‚ in font cmbx10!
Missing character: There is no Ç in font cmbx10!
Missing character: There is no ¨ in font cmbx10!
Missing character: There is no ‚ in font cmbx10!
Missing character: There is no Ç in font cmbx10!
Missing character: There is no ¨ in font cmbx10!
LaTeX Font Info:    External font `cmex10' loaded for size
(Font)              <7> on input line 19.
LaTeX Font Info:    External font `cmex10' loaded for size
(Font)              <5> on input line 19.
Missing character: There is no ‚ in font cmbx10!
Missing character: There is no Ç in font cmbx10!
Missing character: There is no ¨ in font cmbx10!
Missing character: There is no ‚ in font cmbx10!
Missing character: There is no Ç in font cmbx10!
Missing character: There is no ¨ in font cmbx10!
Missing character: There is no ‚ in font cmbx10!
Missing character: There is no Ç in font cmbx10!
Missing character: There is no ¨ in font cmbx10!
Missing character: There is no ‚ in font cmbx10!
Missing character: There is no Ç in font cmbx10!
Missing character: There is no ¨ in font cmbx10!
Missing character: There is no ‚ in font cmbx10!
Missing character: There is no Ç in font cmbx10!
Missing character: There is no ¨ in font cmbx10!
Missing character: There is no ‚ in font cmbx10!
Missing character: There is no Ç in font cmbx10!
Missing character: There is no ¨ in font cmbx10!
Missing character: There is no ‚ in font cmbx10!
Missing character: There is no Ç in font cmbx10!
Missing character: There is no ¨ in font cmbx10!

Underfull \hbox (badness 2020) in paragraph at lines 71--72
\OT1/cmr/bx/n/10 C = (0.25, 3000; 0.75, 0), and D = (0.2, 4000; 0.8, 0).
 []


Underfull \hbox (badness 10000) in paragraph at lines 71--72

 []

[1

{C:/ProgramData/MiKTeX/2.9/pdftex/config/pdftex.map}]

LaTeX Warning: Command \textgreater invalid in math mode on input line 83.

LaTeX Font Info:    Try loading font information for OML+cmr on input line 83.
("C:\Program Files\MiKTeX 2.9\tex\latex\base\omlcmr.fd"
File: omlcmr.fd 2014/09/29 v2.5h Standard LaTeX font definitions
)
LaTeX Font Info:    Font shape `OML/cmr/m/n' in size <10> not available
(Font)              Font shape `OML/cmm/m/it' tried instead on input line 83.


LaTeX Warning: Command \textgreater invalid in math mode on input line 83.


LaTeX Warning: Command \textgreater invalid in math mode on input line 85.


LaTeX Warning: Command \textgreater invalid in math mode on input line 85.


LaTeX Warning: Command \textgreater invalid in math mode on input line 87.


LaTeX Warning: Command \textgreater invalid in math mode on input line 87.


LaTeX Warning: Command \textgreater invalid in math mode on input line 91.


LaTeX Warning: Command \textgreater invalid in math mode on input line 91.


LaTeX Warning: Command \textgreater invalid in math mode on input line 97.


LaTeX Warning: Command \textgreater invalid in math mode on input line 97.


Underfull \hbox (badness 10000) in paragraph at lines 103--104

 []

Missing character: There is no Œ in font cmbx10!
Missing character: There is no ∏ in font cmbx10!

LaTeX Warning: Command \textgreater invalid in math mode on input line 116.


LaTeX Warning: Command \textgreater invalid in math mode on input line 116.


Underfull \hbox (badness 10000) in paragraph at lines 116--117

 []


LaTeX Warning: Command \textgreater invalid in math mode on input line 126.


LaTeX Warning: Command \textgreater invalid in math mode on input line 126.


Underfull \hbox (badness 10000) in paragraph at lines 126--127

 []

[2]
Underfull \hbox (badness 10000) in paragraph at lines 148--154

 []


Underfull \hbox (badness 10000) in paragraph at lines 148--154

 []


Underfull \hbox (badness 10000) in paragraph at lines 157--163

 []


Underfull \hbox (badness 10000) in paragraph at lines 157--163

 []


Underfull \hbox (badness 10000) in paragraph at lines 166--172

 []


LaTeX Warning: Command \textgreater invalid in math mode on input line 175.


LaTeX Warning: Command \textgreater invalid in math mode on input line 175.


LaTeX Warning: Command \textgreater invalid in math mode on input line 177.


LaTeX Warning: Command \textgreater invalid in math mode on input line 177.

Missing character: There is no ‚ in font cmbx10!
Missing character: There is no Ç in font cmbx10!
Missing character: There is no ¨ in font cmbx10!
Missing character: There is no ‚ in font cmbx10!
Missing character: There is no Ç in font cmbx10!
Missing character: There is no ¨ in font cmbx10!
Missing character: There is no ‚ in font cmbx10!
Missing character: There is no Ç in font cmbx10!
Missing character: There is no ¨ in font cmbx10!
Missing character: There is no ‚ in font cmbx10!
Missing character: There is no Ç in font cmbx10!
Missing character: There is no ¨ in font cmbx10!

Underfull \hbox (badness 10000) in paragraph at lines 188--196

 []


Underfull \hbox (badness 10000) in paragraph at lines 188--196

 []


LaTeX Warning: Command \textless invalid in math mode on input line 201.


LaTeX Warning: Command \textless invalid in math mode on input line 201.


Underfull \hbox (badness 10000) in paragraph at lines 201--202

 []

LaTeX Font Info:    External font `cmex10' loaded for size
(Font)              <14.4> on input line 205.

Underfull \hbox (badness 10000) in paragraph at lines 207--208

 []


Underfull \hbox (badness 10000) in paragraph at lines 218--219

 []

[3]
Underfull \hbox (badness 10000) in paragraph at lines 228--229

 []


Underfull \hbox (badness 10000) in paragraph at lines 236--237

 []


Underfull \hbox (badness 10000) in paragraph at lines 246--247

 []

Missing character: There is no ‚ in font cmbx10!
Missing character: There is no Ç in font cmbx10!
Missing character: There is no ¨ in font cmbx10!
Missing character: There is no ‚ in font cmbx10!
Missing character: There is no Ç in font cmbx10!
Missing character: There is no ¨ in font cmbx10!
Missing character: There is no ‚ in font cmbx10!
Missing character: There is no Ç in font cmbx10!
Missing character: There is no ¨ in font cmbx10!
Missing character: There is no ‚ in font cmbx10!
Missing character: There is no Ç in font cmbx10!
Missing character: There is no ¨ in font cmbx10!

Underfull \hbox (badness 10000) in paragraph at lines 252--260

 []


Underfull \hbox (badness 10000) in paragraph at lines 252--260

 []


Underfull \hbox (badness 10000) in paragraph at lines 267--268

 []


Underfull \hbox (badness 10000) in paragraph at lines 279--280

 []

Missing character: There is no ‚ in font cmbx10!
Missing character: There is no Ç in font cmbx10!
Missing character: There is no ¨ in font cmbx10!
Missing character: There is no ‚ in font cmbx10!
Missing character: There is no Ç in font cmbx10!
Missing character: There is no ¨ in font cmbx10!
Missing character: There is no ‚ in font cmbx10!
Missing character: There is no Ç in font cmbx10!
Missing character: There is no ¨ in font cmbx10!
Missing character: There is no ‚ in font cmbx10!
Missing character: There is no Ç in font cmbx10!
Missing character: There is no ¨ in font cmbx10!

Underfull \hbox (badness 10000) in paragraph at lines 285--293

 []


Underfull \hbox (badness 10000) in paragraph at lines 285--293

 []

[4]
Underfull \hbox (badness 10000) in paragraph at lines 296--297

 []


Underfull \hbox (badness 10000) in paragraph at lines 302--303

 []


Underfull \hbox (badness 10000) in paragraph at lines 312--313

 []

Missing character: There is no ‚ in font cmbx10!
Missing character: There is no Ç in font cmbx10!
Missing character: There is no ¨ in font cmbx10!
Missing character: There is no ‚ in font cmbx10!
Missing character: There is no Ç in font cmbx10!
Missing character: There is no ¨ in font cmbx10!
Missing character: There is no ‚ in font cmbx10!
Missing character: There is no Ç in font cmbx10!
Missing character: There is no ¨ in font cmbx10!
Missing character: There is no ‚ in font cmbx10!
Missing character: There is no Ç in font cmbx10!
Missing character: There is no ¨ in font cmbx10!

Underfull \hbox (badness 10000) in paragraph at lines 318--326

 []


Underfull \hbox (badness 10000) in paragraph at lines 318--326

 []


Underfull \hbox (badness 10000) in paragraph at lines 329--330

 []


Underfull \hbox (badness 10000) in paragraph at lines 335--336

 []


Underfull \hbox (badness 10000) in paragraph at lines 345--346

 []

Missing character: There is no ‚ in font cmbx10!
Missing character: There is no Ä in font cmbx10!
Missing character: There is no ú in font cmbx10!
Missing character: There is no ‚ in font cmbx10!
Missing character: There is no Ä in font cmbx10!
Missing character: There is no ù in font cmbx10!

Underfull \hbox (badness 10000) in paragraph at lines 350--351
\OT1/cmr/bx/n/10 Consider the prospects E = (0.5, -3000; 0.5, 4500),
 []


Underfull \hbox (badness 10000) in paragraph at lines 350--351

 []


Underfull \hbox (badness 10000) in paragraph at lines 352--353

 []


Underfull \hbox (badness 10000) in paragraph at lines 352--353

 []


Underfull \hbox (badness 10000) in paragraph at lines 352--353

 []

[5]
Underfull \hbox (badness 10000) in paragraph at lines 354--357

 []


Underfull \hbox (badness 10000) in paragraph at lines 361--362

 []


Underfull \hbox (badness 10000) in paragraph at lines 365--366

 []


LaTeX Warning: Command \textgreater invalid in math mode on input line 367.


LaTeX Warning: Command \textgreater invalid in math mode on input line 367.


Underfull \hbox (badness 10000) in paragraph at lines 367--368

 []


Underfull \hbox (badness 10000) in paragraph at lines 371--372

 []


Underfull \hbox (badness 10000) in paragraph at lines 375--376

 []


LaTeX Warning: Command \textgreater invalid in math mode on input line 377.


LaTeX Warning: Command \textgreater invalid in math mode on input line 377.


Underfull \hbox (badness 10000) in paragraph at lines 377--378

 []

<Graph1.jpg, id=28, 559.33969pt x 393.72093pt>
File: Graph1.jpg Graphic file (type jpg)
 <use Graph1.jpg>
Package pdftex.def Info: Graph1.jpg used on input line 381.
(pdftex.def)             Requested size: 284.52756pt x 200.28436pt.

Underfull \hbox (badness 10000) in paragraph at lines 381--382

 []

[6 <./Graph1.jpg>] <Graph2.jpg, id=32, 706.13812pt x 237.88875pt>
File: Graph2.jpg Graphic file (type jpg)

<use Graph2.jpg>
Package pdftex.def Info: Graph2.jpg used on input line 388.
(pdftex.def)             Requested size: 341.43306pt x 115.02379pt.

Overfull \hbox (11.43306pt too wide) in paragraph at lines 388--389
[][] 
 []


Underfull \hbox (badness 10000) in paragraph at lines 388--389

 []


Underfull \hbox (badness 10000) in paragraph at lines 390--395

 []

[7 <./Graph2.jpg>] (AssignmentLatex.aux) ) 
Here is how much of TeX's memory you used:
 1158 strings out of 493698
 15082 string characters out of 3144412
 73981 words of memory out of 3000000
 4520 multiletter control sequences out of 15000+200000
 8203 words of font info for 29 fonts, out of 3000000 for 9000
 1025 hyphenation exceptions out of 8191
 27i,7n,19p,453b,186s stack positions out of 5000i,500n,10000p,200000b,50000s
<C:/Program Files/MiKTeX 2.9/fonts/ty
pe1/public/amsfonts/cm/cmbx10.pfb><C:/Program Files/MiKTeX 2.9/fonts/type1/publ
ic/amsfonts/cm/cmbx12.pfb><C:/Program Files/MiKTeX 2.9/fonts/type1/public/amsfo
nts/cm/cmmi10.pfb><C:/Program Files/MiKTeX 2.9/fonts/type1/public/amsfonts/cm/c
mmi12.pfb><C:/Program Files/MiKTeX 2.9/fonts/type1/public/amsfonts/cm/cmmi7.pfb
><C:/Program Files/MiKTeX 2.9/fonts/type1/public/amsfonts/cm/cmr10.pfb><C:/Prog
ram Files/MiKTeX 2.9/fonts/type1/public/amsfonts/cm/cmr12.pfb><C:/Program Files
/MiKTeX 2.9/fonts/type1/public/amsfonts/cm/cmr17.pfb><C:/Program Files/MiKTeX 2
.9/fonts/type1/public/amsfonts/cm/cmr7.pfb><C:/Program Files/MiKTeX 2.9/fonts/t
ype1/public/amsfonts/cm/cmsy10.pfb><C:/Program Files/MiKTeX 2.9/fonts/type1/pub
lic/amsfonts/cm/cmsy7.pfb>
Output written on AssignmentLatex.pdf (7 pages, 275671 bytes).
PDF statistics:
 72 PDF objects out of 1000 (max. 8388607)
 0 named destinations out of 1000 (max. 500000)
 11 words of extra memory for PDF output out of 10000 (max. 10000000)

